[2022-06-29 16:47:15] laravel.EMERGENCY: Unable to create configured logger. Using emergency logger. {"exception":"[object] (InvalidArgumentException(code: 0): Log [deprecations] is not defined. at /home/chamran1/laravel/vendor/laravel/framework/src/Illuminate/Log/LogManager.php:207)
[stacktrace]
#0 /home/chamran1/laravel/vendor/laravel/framework/src/Illuminate/Log/LogManager.php(132): Illuminate\\Log\\LogManager->resolve()
#1 /home/chamran1/laravel/vendor/laravel/framework/src/Illuminate/Log/LogManager.php(119): Illuminate\\Log\\LogManager->get()
#2 /home/chamran1/laravel/vendor/laravel/framework/src/Illuminate/Log/LogManager.php(108): Illuminate\\Log\\LogManager->driver()
#3 /home/chamran1/laravel/vendor/laravel/framework/src/Illuminate/Foundation/Bootstrap/HandleExceptions.php(122): Illuminate\\Log\\LogManager->channel()
#4 /home/chamran1/laravel/vendor/laravel/framework/src/Illuminate/Foundation/Bootstrap/HandleExceptions.php(71): Illuminate\\Foundation\\Bootstrap\\HandleExceptions->handleDeprecationError()
#5 /home/chamran1/laravel/vendor/laravel/framework/src/Illuminate/Foundation/Bootstrap/HandleExceptions.php(257): Illuminate\\Foundation\\Bootstrap\\HandleExceptions->handleError()
#6 [internal function]: Illuminate\\Foundation\\Bootstrap\\HandleExceptions->Illuminate\\Foundation\\Bootstrap\\{closure}()
#7 /home/chamran1/laravel/vendor/filament/tables/src/Concerns/HasActions.php(82): json_decode()
#8 /home/chamran1/laravel/vendor/laravel/framework/src/Illuminate/Container/BoundMethod.php(36): Filament\\Resources\\Pages\\ListRecords->callMountedTableAction()
#9 /home/chamran1/laravel/vendor/laravel/framework/src/Illuminate/Container/Util.php(41): Illuminate\\Container\\BoundMethod::Illuminate\\Container\\{closure}()
#10 /home/chamran1/laravel/vendor/laravel/framework/src/Illuminate/Container/BoundMethod.php(93): Illuminate\\Container\\Util::unwrapIfClosure()
#11 /home/chamran1/laravel/vendor/laravel/framework/src/Illuminate/Container/BoundMethod.php(37): Illuminate\\Container\\BoundMethod::callBoundMethod()
#12 /home/chamran1/laravel/vendor/livewire/livewire/src/ComponentConcerns/HandlesActions.php(149): Illuminate\\Container\\BoundMethod::call()
#13 /home/chamran1/laravel/vendor/livewire/livewire/src/HydrationMiddleware/PerformActionCalls.php(38): Livewire\\Component->callMethod()
#14 /home/chamran1/laravel/vendor/livewire/livewire/src/LifecycleManager.php(89): Livewire\\HydrationMiddleware\\PerformActionCalls::hydrate()
#15 /home/chamran1/laravel/vendor/livewire/livewire/src/Connection/ConnectionHandler.php(13): Livewire\\LifecycleManager->hydrate()
#16 /home/chamran1/laravel/vendor/livewire/livewire/src/Controllers/HttpConnectionHandler.php(20): Livewire\\Connection\\ConnectionHandler->handle()
#17 /home/chamran1/laravel/vendor/laravel/framework/src/Illuminate/Routing/ControllerDispatcher.php(48): Livewire\\Controllers\\HttpConnectionHandler->__invoke()
#18 /home/chamran1/laravel/vendor/laravel/framework/src/Illuminate/Routing/Route.php(261): Illuminate\\Routing\\ControllerDispatcher->dispatch()
#19 /home/chamran1/laravel/vendor/laravel/framework/src/Illuminate/Routing/Route.php(204): Illuminate\\Routing\\Route->runController()
#20 /home/chamran1/laravel/vendor/laravel/framework/src/Illuminate/Routing/Router.php(725): Illuminate\\Routing\\Route->run()
#21 /home/chamran1/laravel/vendor/laravel/framework/src/Illuminate/Pipeline/Pipeline.php(141): Illuminate\\Routing\\Router->Illuminate\\Routing\\{closure}()
#22 /home/chamran1/laravel/vendor/inertiajs/inertia-laravel/src/Middleware.php(88): Illuminate\\Pipeline\\Pipeline->Illuminate\\Pipeline\\{closure}()
#23 /home/chamran1/laravel/vendor/laravel/framework/src/Illuminate/Pipeline/Pipeline.php(180): Inertia\\Middleware->handle()
#24 /home/chamran1/laravel/vendor/laravel/framework/src/Illuminate/Routing/Middleware/SubstituteBindings.php(50): Illuminate\\Pipeline\\Pipeline->Illuminate\\Pipeline\\{closure}()
#25 /home/chamran1/laravel/vendor/laravel/framework/src/Illuminate/Pipeline/Pipeline.php(180): Illuminate\\Routing\\Middleware\\SubstituteBindings->handle()
#26 /home/chamran1/laravel/vendor/laravel/framework/src/Illuminate/Foundation/Http/Middleware/VerifyCsrfToken.php(78): Illuminate\\Pipeline\\Pipeline->Illuminate\\Pipeline\\{closure}()
#27 /home/chamran1/laravel/vendor/laravel/framework/src/Illuminate/Pipeline/Pipeline.php(180): Illuminate\\Foundation\\Http\\Middleware\\VerifyCsrfToken->handle()
#28 /home/chamran1/laravel/vendor/laravel/framework/src/Illuminate/View/Middleware/ShareErrorsFromSession.php(49): Illuminate\\Pipeline\\Pipeline->Illuminate\\Pipeline\\{closure}()
#29 /home/chamran1/laravel/vendor/laravel/framework/src/Illuminate/Pipeline/Pipeline.php(180): Illuminate\\View\\Middleware\\ShareErrorsFromSession->handle()
#30 /home/chamran1/laravel/vendor/laravel/framework/src/Illuminate/Session/Middleware/StartSession.php(121): Illuminate\\Pipeline\\Pipeline->Illuminate\\Pipeline\\{closure}()
#31 /home/chamran1/laravel/vendor/laravel/framework/src/Illuminate/Session/Middleware/StartSession.php(64): Illuminate\\Session\\Middleware\\StartSession->handleStatefulRequest()
#32 /home/chamran1/laravel/vendor/laravel/framework/src/Illuminate/Pipeline/Pipeline.php(180): Illuminate\\Session\\Middleware\\StartSession->handle()
#33 /home/chamran1/laravel/vendor/laravel/framework/src/Illuminate/Cookie/Middleware/AddQueuedCookiesToResponse.php(37): Illuminate\\Pipeline\\Pipeline->Illuminate\\Pipeline\\{closure}()
#34 /home/chamran1/laravel/vendor/laravel/framework/src/Illuminate/Pipeline/Pipeline.php(180): Illuminate\\Cookie\\Middleware\\AddQueuedCookiesToResponse->handle()
#35 /home/chamran1/laravel/vendor/laravel/framework/src/Illuminate/Cookie/Middleware/EncryptCookies.php(67): Illuminate\\Pipeline\\Pipeline->Illuminate\\Pipeline\\{closure}()
#36 /home/chamran1/laravel/vendor/laravel/framework/src/Illuminate/Pipeline/Pipeline.php(180): Illuminate\\Cookie\\Middleware\\EncryptCookies->handle()
#37 /home/chamran1/laravel/vendor/laravel/framework/src/Illuminate/Pipeline/Pipeline.php(116): Illuminate\\Pipeline\\Pipeline->Illuminate\\Pipeline\\{closure}()
#38 /home/chamran1/laravel/vendor/laravel/framework/src/Illuminate/Routing/Router.php(726): Illuminate\\Pipeline\\Pipeline->then()
#39 /home/chamran1/laravel/vendor/laravel/framework/src/Illuminate/Routing/Router.php(703): Illuminate\\Routing\\Router->runRouteWithinStack()
#40 /home/chamran1/laravel/vendor/laravel/framework/src/Illuminate/Routing/Router.php(667): Illuminate\\Routing\\Router->runRoute()
#41 /home/chamran1/laravel/vendor/laravel/framework/src/Illuminate/Routing/Router.php(656): Illuminate\\Routing\\Router->dispatchToRoute()
#42 /home/chamran1/laravel/vendor/laravel/framework/src/Illuminate/Foundation/Http/Kernel.php(167): Illuminate\\Routing\\Router->dispatch()
#43 /home/chamran1/laravel/vendor/laravel/framework/src/Illuminate/Pipeline/Pipeline.php(141): Illuminate\\Foundation\\Http\\Kernel->Illuminate\\Foundation\\Http\\{closure}()
#44 /home/chamran1/laravel/vendor/livewire/livewire/src/DisableBrowserCache.php(19): Illuminate\\Pipeline\\Pipeline->Illuminate\\Pipeline\\{closure}()
#45 /home/chamran1/laravel/vendor/laravel/framework/src/Illuminate/Pipeline/Pipeline.php(180): Livewire\\DisableBrowserCache->handle()
#46 /home/chamran1/laravel/vendor/laravel/framework/src/Illuminate/Foundation/Http/Middleware/ConvertEmptyStringsToNull.php(27): Illuminate\\Pipeline\\Pipeline->Illuminate\\Pipeline\\{closure}()
#47 /home/chamran1/laravel/vendor/laravel/framework/src/Illuminate/Pipeline/Pipeline.php(180): Illuminate\\Foundation\\Http\\Middleware\\ConvertEmptyStringsToNull->handle()
#48 /home/chamran1/laravel/vendor/laravel/framework/src/Illuminate/Foundation/Http/Middleware/TrimStrings.php(36): Illuminate\\Pipeline\\Pipeline->Illuminate\\Pipeline\\{closure}()
#49 /home/chamran1/laravel/vendor/laravel/framework/src/Illuminate/Pipeline/Pipeline.php(180): Illuminate\\Foundation\\Http\\Middleware\\TrimStrings->handle()
#50 /home/chamran1/laravel/vendor/laravel/framework/src/Illuminate/Foundation/Http/Middleware/ValidatePostSize.php(27): Illuminate\\Pipeline\\Pipeline->Illuminate\\Pipeline\\{closure}()
#51 /home/chamran1/laravel/vendor/laravel/framework/src/Illuminate/Pipeline/Pipeline.php(180): Illuminate\\Foundation\\Http\\Middleware\\ValidatePostSize->handle()
#52 /home/chamran1/laravel/vendor/laravel/framework/src/Illuminate/Foundation/Http/Middleware/PreventRequestsDuringMaintenance.php(86): Illuminate\\Pipeline\\Pipeline->Illuminate\\Pipeline\\{closure}()
#53 /home/chamran1/laravel/vendor/laravel/framework/src/Illuminate/Pipeline/Pipeline.php(180): Illuminate\\Foundation\\Http\\Middleware\\PreventRequestsDuringMaintenance->handle()
#54 /home/chamran1/laravel/vendor/laravel/framework/src/Illuminate/Http/Middleware/HandleCors.php(49): Illuminate\\Pipeline\\Pipeline->Illuminate\\Pipeline\\{closure}()
#55 /home/chamran1/laravel/vendor/laravel/framework/src/Illuminate/Pipeline/Pipeline.php(180): Illuminate\\Http\\Middleware\\HandleCors->handle()
#56 /home/chamran1/laravel/vendor/laravel/framework/src/Illuminate/Http/Middleware/TrustProxies.php(39): Illuminate\\Pipeline\\Pipeline->Illuminate\\Pipeline\\{closure}()
#57 /home/chamran1/laravel/vendor/laravel/framework/src/Illuminate/Pipeline/Pipeline.php(180): Illuminate\\Http\\Middleware\\TrustProxies->handle()
#58 /home/chamran1/laravel/vendor/laravel/framework/src/Illuminate/Pipeline/Pipeline.php(116): Illuminate\\Pipeline\\Pipeline->Illuminate\\Pipeline\\{closure}()
#59 /home/chamran1/laravel/vendor/laravel/framework/src/Illuminate/Foundation/Http/Kernel.php(142): Illuminate\\Pipeline\\Pipeline->then()
#60 /home/chamran1/laravel/vendor/laravel/framework/src/Illuminate/Foundation/Http/Kernel.php(111): Illuminate\\Foundation\\Http\\Kernel->sendRequestThroughRouter()
#61 /home/chamran1/public_html/index.php(52): Illuminate\\Foundation\\Http\\Kernel->handle()
#62 {main}
"} 
[2022-06-29 16:47:15] laravel.WARNING: json_decode(): Passing null to parameter #1 ($json) of type string is deprecated in /home/chamran1/laravel/vendor/filament/tables/src/Concerns/HasActions.php on line 82  
[2022-06-29 16:49:05] laravel.EMERGENCY: Unable to create configured logger. Using emergency logger. {"exception":"[object] (InvalidArgumentException(code: 0): Log [deprecations] is not defined. at /home/chamran1/laravel/vendor/laravel/framework/src/Illuminate/Log/LogManager.php:207)
[stacktrace]
#0 /home/chamran1/laravel/vendor/laravel/framework/src/Illuminate/Log/LogManager.php(132): Illuminate\\Log\\LogManager->resolve()
#1 /home/chamran1/laravel/vendor/laravel/framework/src/Illuminate/Log/LogManager.php(119): Illuminate\\Log\\LogManager->get()
#2 /home/chamran1/laravel/vendor/laravel/framework/src/Illuminate/Log/LogManager.php(108): Illuminate\\Log\\LogManager->driver()
#3 /home/chamran1/laravel/vendor/laravel/framework/src/Illuminate/Foundation/Bootstrap/HandleExceptions.php(122): Illuminate\\Log\\LogManager->channel()
#4 /home/chamran1/laravel/vendor/laravel/framework/src/Illuminate/Foundation/Bootstrap/HandleExceptions.php(71): Illuminate\\Foundation\\Bootstrap\\HandleExceptions->handleDeprecationError()
#5 /home/chamran1/laravel/vendor/laravel/framework/src/Illuminate/Foundation/Bootstrap/HandleExceptions.php(257): Illuminate\\Foundation\\Bootstrap\\HandleExceptions->handleError()
#6 [internal function]: Illuminate\\Foundation\\Bootstrap\\HandleExceptions->Illuminate\\Foundation\\Bootstrap\\{closure}()
#7 /home/chamran1/laravel/vendor/filament/tables/src/Concerns/HasBulkActions.php(67): json_decode()
#8 /home/chamran1/laravel/vendor/laravel/framework/src/Illuminate/Container/BoundMethod.php(36): Filament\\Resources\\Pages\\ListRecords->callMountedTableBulkAction()
#9 /home/chamran1/laravel/vendor/laravel/framework/src/Illuminate/Container/Util.php(41): Illuminate\\Container\\BoundMethod::Illuminate\\Container\\{closure}()
#10 /home/chamran1/laravel/vendor/laravel/framework/src/Illuminate/Container/BoundMethod.php(93): Illuminate\\Container\\Util::unwrapIfClosure()
#11 /home/chamran1/laravel/vendor/laravel/framework/src/Illuminate/Container/BoundMethod.php(37): Illuminate\\Container\\BoundMethod::callBoundMethod()
#12 /home/chamran1/laravel/vendor/livewire/livewire/src/ComponentConcerns/HandlesActions.php(149): Illuminate\\Container\\BoundMethod::call()
#13 /home/chamran1/laravel/vendor/livewire/livewire/src/HydrationMiddleware/PerformActionCalls.php(38): Livewire\\Component->callMethod()
#14 /home/chamran1/laravel/vendor/livewire/livewire/src/LifecycleManager.php(89): Livewire\\HydrationMiddleware\\PerformActionCalls::hydrate()
#15 /home/chamran1/laravel/vendor/livewire/livewire/src/Connection/ConnectionHandler.php(13): Livewire\\LifecycleManager->hydrate()
#16 /home/chamran1/laravel/vendor/livewire/livewire/src/Controllers/HttpConnectionHandler.php(20): Livewire\\Connection\\ConnectionHandler->handle()
#17 /home/chamran1/laravel/vendor/laravel/framework/src/Illuminate/Routing/ControllerDispatcher.php(48): Livewire\\Controllers\\HttpConnectionHandler->__invoke()
#18 /home/chamran1/laravel/vendor/laravel/framework/src/Illuminate/Routing/Route.php(261): Illuminate\\Routing\\ControllerDispatcher->dispatch()
#19 /home/chamran1/laravel/vendor/laravel/framework/src/Illuminate/Routing/Route.php(204): Illuminate\\Routing\\Route->runController()
#20 /home/chamran1/laravel/vendor/laravel/framework/src/Illuminate/Routing/Router.php(725): Illuminate\\Routing\\Route->run()
#21 /home/chamran1/laravel/vendor/laravel/framework/src/Illuminate/Pipeline/Pipeline.php(141): Illuminate\\Routing\\Router->Illuminate\\Routing\\{closure}()
#22 /home/chamran1/laravel/vendor/inertiajs/inertia-laravel/src/Middleware.php(88): Illuminate\\Pipeline\\Pipeline->Illuminate\\Pipeline\\{closure}()
#23 /home/chamran1/laravel/vendor/laravel/framework/src/Illuminate/Pipeline/Pipeline.php(180): Inertia\\Middleware->handle()
#24 /home/chamran1/laravel/vendor/laravel/framework/src/Illuminate/Routing/Middleware/SubstituteBindings.php(50): Illuminate\\Pipeline\\Pipeline->Illuminate\\Pipeline\\{closure}()
#25 /home/chamran1/laravel/vendor/laravel/framework/src/Illuminate/Pipeline/Pipeline.php(180): Illuminate\\Routing\\Middleware\\SubstituteBindings->handle()
#26 /home/chamran1/laravel/vendor/laravel/framework/src/Illuminate/Foundation/Http/Middleware/VerifyCsrfToken.php(78): Illuminate\\Pipeline\\Pipeline->Illuminate\\Pipeline\\{closure}()
#27 /home/chamran1/laravel/vendor/laravel/framework/src/Illuminate/Pipeline/Pipeline.php(180): Illuminate\\Foundation\\Http\\Middleware\\VerifyCsrfToken->handle()
#28 /home/chamran1/laravel/vendor/laravel/framework/src/Illuminate/View/Middleware/ShareErrorsFromSession.php(49): Illuminate\\Pipeline\\Pipeline->Illuminate\\Pipeline\\{closure}()
#29 /home/chamran1/laravel/vendor/laravel/framework/src/Illuminate/Pipeline/Pipeline.php(180): Illuminate\\View\\Middleware\\ShareErrorsFromSession->handle()
#30 /home/chamran1/laravel/vendor/laravel/framework/src/Illuminate/Session/Middleware/StartSession.php(121): Illuminate\\Pipeline\\Pipeline->Illuminate\\Pipeline\\{closure}()
#31 /home/chamran1/laravel/vendor/laravel/framework/src/Illuminate/Session/Middleware/StartSession.php(64): Illuminate\\Session\\Middleware\\StartSession->handleStatefulRequest()
#32 /home/chamran1/laravel/vendor/laravel/framework/src/Illuminate/Pipeline/Pipeline.php(180): Illuminate\\Session\\Middleware\\StartSession->handle()
#33 /home/chamran1/laravel/vendor/laravel/framework/src/Illuminate/Cookie/Middleware/AddQueuedCookiesToResponse.php(37): Illuminate\\Pipeline\\Pipeline->Illuminate\\Pipeline\\{closure}()
#34 /home/chamran1/laravel/vendor/laravel/framework/src/Illuminate/Pipeline/Pipeline.php(180): Illuminate\\Cookie\\Middleware\\AddQueuedCookiesToResponse->handle()
#35 /home/chamran1/laravel/vendor/laravel/framework/src/Illuminate/Cookie/Middleware/EncryptCookies.php(67): Illuminate\\Pipeline\\Pipeline->Illuminate\\Pipeline\\{closure}()
#36 /home/chamran1/laravel/vendor/laravel/framework/src/Illuminate/Pipeline/Pipeline.php(180): Illuminate\\Cookie\\Middleware\\EncryptCookies->handle()
#37 /home/chamran1/laravel/vendor/laravel/framework/src/Illuminate/Pipeline/Pipeline.php(116): Illuminate\\Pipeline\\Pipeline->Illuminate\\Pipeline\\{closure}()
#38 /home/chamran1/laravel/vendor/laravel/framework/src/Illuminate/Routing/Router.php(726): Illuminate\\Pipeline\\Pipeline->then()
#39 /home/chamran1/laravel/vendor/laravel/framework/src/Illuminate/Routing/Router.php(703): Illuminate\\Routing\\Router->runRouteWithinStack()
#40 /home/chamran1/laravel/vendor/laravel/framework/src/Illuminate/Routing/Router.php(667): Illuminate\\Routing\\Router->runRoute()
#41 /home/chamran1/laravel/vendor/laravel/framework/src/Illuminate/Routing/Router.php(656): Illuminate\\Routing\\Router->dispatchToRoute()
#42 /home/chamran1/laravel/vendor/laravel/framework/src/Illuminate/Foundation/Http/Kernel.php(167): Illuminate\\Routing\\Router->dispatch()
#43 /home/chamran1/laravel/vendor/laravel/framework/src/Illuminate/Pipeline/Pipeline.php(141): Illuminate\\Foundation\\Http\\Kernel->Illuminate\\Foundation\\Http\\{closure}()
#44 /home/chamran1/laravel/vendor/livewire/livewire/src/DisableBrowserCache.php(19): Illuminate\\Pipeline\\Pipeline->Illuminate\\Pipeline\\{closure}()
#45 /home/chamran1/laravel/vendor/laravel/framework/src/Illuminate/Pipeline/Pipeline.php(180): Livewire\\DisableBrowserCache->handle()
#46 /home/chamran1/laravel/vendor/laravel/framework/src/Illuminate/Foundation/Http/Middleware/ConvertEmptyStringsToNull.php(27): Illuminate\\Pipeline\\Pipeline->Illuminate\\Pipeline\\{closure}()
#47 /home/chamran1/laravel/vendor/laravel/framework/src/Illuminate/Pipeline/Pipeline.php(180): Illuminate\\Foundation\\Http\\Middleware\\ConvertEmptyStringsToNull->handle()
#48 /home/chamran1/laravel/vendor/laravel/framework/src/Illuminate/Foundation/Http/Middleware/TrimStrings.php(36): Illuminate\\Pipeline\\Pipeline->Illuminate\\Pipeline\\{closure}()
#49 /home/chamran1/laravel/vendor/laravel/framework/src/Illuminate/Pipeline/Pipeline.php(180): Illuminate\\Foundation\\Http\\Middleware\\TrimStrings->handle()
#50 /home/chamran1/laravel/vendor/laravel/framework/src/Illuminate/Foundation/Http/Middleware/ValidatePostSize.php(27): Illuminate\\Pipeline\\Pipeline->Illuminate\\Pipeline\\{closure}()
#51 /home/chamran1/laravel/vendor/laravel/framework/src/Illuminate/Pipeline/Pipeline.php(180): Illuminate\\Foundation\\Http\\Middleware\\ValidatePostSize->handle()
#52 /home/chamran1/laravel/vendor/laravel/framework/src/Illuminate/Foundation/Http/Middleware/PreventRequestsDuringMaintenance.php(86): Illuminate\\Pipeline\\Pipeline->Illuminate\\Pipeline\\{closure}()
#53 /home/chamran1/laravel/vendor/laravel/framework/src/Illuminate/Pipeline/Pipeline.php(180): Illuminate\\Foundation\\Http\\Middleware\\PreventRequestsDuringMaintenance->handle()
#54 /home/chamran1/laravel/vendor/laravel/framework/src/Illuminate/Http/Middleware/HandleCors.php(49): Illuminate\\Pipeline\\Pipeline->Illuminate\\Pipeline\\{closure}()
#55 /home/chamran1/laravel/vendor/laravel/framework/src/Illuminate/Pipeline/Pipeline.php(180): Illuminate\\Http\\Middleware\\HandleCors->handle()
#56 /home/chamran1/laravel/vendor/laravel/framework/src/Illuminate/Http/Middleware/TrustProxies.php(39): Illuminate\\Pipeline\\Pipeline->Illuminate\\Pipeline\\{closure}()
#57 /home/chamran1/laravel/vendor/laravel/framework/src/Illuminate/Pipeline/Pipeline.php(180): Illuminate\\Http\\Middleware\\TrustProxies->handle()
#58 /home/chamran1/laravel/vendor/laravel/framework/src/Illuminate/Pipeline/Pipeline.php(116): Illuminate\\Pipeline\\Pipeline->Illuminate\\Pipeline\\{closure}()
#59 /home/chamran1/laravel/vendor/laravel/framework/src/Illuminate/Foundation/Http/Kernel.php(142): Illuminate\\Pipeline\\Pipeline->then()
#60 /home/chamran1/laravel/vendor/laravel/framework/src/Illuminate/Foundation/Http/Kernel.php(111): Illuminate\\Foundation\\Http\\Kernel->sendRequestThroughRouter()
#61 /home/chamran1/public_html/index.php(52): Illuminate\\Foundation\\Http\\Kernel->handle()
#62 {main}
"} 
[2022-06-29 16:49:05] laravel.WARNING: json_decode(): Passing null to parameter #1 ($json) of type string is deprecated in /home/chamran1/laravel/vendor/filament/tables/src/Concerns/HasBulkActions.php on line 67  
